<?xml version="1.0" encoding="UTF-8"?>
<!-- Generated by org.testng.reporters.JUnitReportReporter -->
<testsuite hostname="DESKTOP-1KA5NS0" failures="0" tests="2" name="Cross_browser.Cross_Platform_Test" time="3.867" errors="0" timestamp="2023-10-31T10:31:31 IST" skipped="0">
  <testcase classname="Cross_browser.Cross_Platform_Test" name="connent_app_log" time="2.199"/>
  <testcase classname="Cross_browser.Cross_Platform_Test" name="connent_app_log" time="1.668"/>
</testsuite> <!-- Cross_browser.Cross_Platform_Test -->
